{
  "start": "2022-10-05T14:48:03.604Z",
  "end": "2022-10-05T14:48:35.565Z",
  "capabilities": {
    "acceptInsecureCerts": true,
    "browserName": "chrome",
    "browserVersion": "106.0.5249.91",
    "chrome": {
      "chromedriverVersion": "106.0.5249.61 (511755355844955cd3e264779baf0dd38212a4d0-refs/branch-heads/5249@{#569})",
      "userDataDir": "/tmp/.com.google.Chrome.uC2dGa"
    },
    "goog:chromeOptions": {
      "debuggerAddress": "localhost:33755"
    },
    "networkConnectionEnabled": false,
    "pageLoadStrategy": "normal",
    "platformName": "linux",
    "proxy": {},
    "setWindowRect": true,
    "strictFileInteractability": false,
    "timeouts": {
      "implicit": 0,
      "pageLoad": 300000,
      "script": 30000
    },
    "unhandledPromptBehavior": "dismiss and notify",
    "webauthn:extension:credBlob": true,
    "webauthn:extension:largeBlob": true,
    "webauthn:virtualAuthenticators": true,
    "sessionId": "5b80ec364fcf729a9c293b0f1dbcc9f3"
  },
  "host": "localhost",
  "port": 9515,
  "baseUrl": "https://www.volvocars.com",
  "framework": "mocha",
  "duration": 31961,
  "suites": [
    {
      "title": "Regression test",
      "duration": 31882,
      "start": "2022-10-05T14:48:03.623Z",
      "end": "2022-10-05T14:48:35.505Z",
      "tests": [
        {
          "title": "should compare successfully to full-screen image",
          "start": "2022-10-05T14:48:16.693Z",
          "end": "2022-10-05T14:48:35.504Z",
          "duration": 18811,
          "state": "passed",
          "screenshots": []
        }
      ],
      "hooks": [
        {
          "start": "2022-10-05T14:48:03.623Z",
          "end": "2022-10-05T14:48:16.693Z",
          "duration": 13070,
          "title": "\"before all\" hook for Regression test",
          "associatedSuite": "Regression test"
        }
      ]
    }
  ],
  "specs": [
    "/home/aburto22/salt/placements/volvo/qa/test/specs/regression.e2e.ts"
  ],
  "state": {
    "passed": 1,
    "failed": 0,
    "skipped": 0
  }
}