{
  "start": "2022-10-05T14:48:03.731Z",
  "end": "2022-10-05T14:48:20.086Z",
  "capabilities": {
    "acceptInsecureCerts": true,
    "browserName": "chrome",
    "browserVersion": "106.0.5249.91",
    "chrome": {
      "chromedriverVersion": "106.0.5249.61 (511755355844955cd3e264779baf0dd38212a4d0-refs/branch-heads/5249@{#569})",
      "userDataDir": "/tmp/.com.google.Chrome.GDPP7a"
    },
    "goog:chromeOptions": {
      "debuggerAddress": "localhost:41281"
    },
    "networkConnectionEnabled": false,
    "pageLoadStrategy": "normal",
    "platformName": "linux",
    "proxy": {},
    "setWindowRect": true,
    "strictFileInteractability": false,
    "timeouts": {
      "implicit": 0,
      "pageLoad": 300000,
      "script": 30000
    },
    "unhandledPromptBehavior": "dismiss and notify",
    "webauthn:extension:credBlob": true,
    "webauthn:extension:largeBlob": true,
    "webauthn:virtualAuthenticators": true,
    "sessionId": "65dc4fbccfb1c8e2bfb0c97e18f503c0"
  },
  "host": "localhost",
  "port": 9515,
  "baseUrl": "https://www.volvocars.com",
  "framework": "mocha",
  "duration": 16355,
  "suites": [
    {
      "title": "My Carousel section",
      "duration": 16221,
      "start": "2022-10-05T14:48:03.755Z",
      "end": "2022-10-05T14:48:19.976Z",
      "tests": [
        {
          "title": "should have carousel items",
          "start": "2022-10-05T14:48:14.668Z",
          "end": "2022-10-05T14:48:16.236Z",
          "duration": 1568,
          "state": "passed",
          "screenshots": []
        },
        {
          "title": "should only load images if visible",
          "start": "2022-10-05T14:48:16.264Z",
          "end": "2022-10-05T14:48:17.363Z",
          "duration": 1099,
          "state": "passed",
          "screenshots": []
        },
        {
          "title": "should display images when scrolling into view",
          "start": "2022-10-05T14:48:17.363Z",
          "end": "2022-10-05T14:48:19.370Z",
          "duration": 2007,
          "state": "passed",
          "screenshots": []
        },
        {
          "title": "should have items with anchor links to car info page",
          "start": "2022-10-05T14:48:19.370Z",
          "end": "2022-10-05T14:48:19.975Z",
          "duration": 605,
          "state": "passed",
          "screenshots": []
        }
      ],
      "hooks": [
        {
          "start": "2022-10-05T14:48:03.755Z",
          "end": "2022-10-05T14:48:14.668Z",
          "duration": 10913,
          "title": "\"before all\" hook for My Carousel section",
          "associatedSuite": "My Carousel section"
        }
      ]
    }
  ],
  "specs": [
    "/home/aburto22/salt/placements/volvo/qa/test/specs/carousel.e2e.ts"
  ],
  "state": {
    "passed": 4,
    "failed": 0,
    "skipped": 0
  }
}